Determining if the pthread_create exist failed with the following output:
Change Dir: F:/testingEnvironment/amak/ogs/ogs_kb1/sources/Build_OGS_FEM_SP/CMakeFiles/CMakeTmp

Run Build Command:C:\PROGRA~2\MSBuild\12.0\Bin\MSBuild.exe cmTryCompileExec2020123846.vcxproj /p:Configuration=Debug /p:VisualStudioVersion=12.0
Microsoft (R) Build Engine version 12.0.21005.1
[Microsoft .NET Framework, version 4.0.30319.18444]
Copyright (C) Microsoft Corporation. All rights reserved.

Build started 23.10.2015 17:22:29.
Project "F:\testingEnvironment\amak\ogs\ogs_kb1\sources\Build_OGS_FEM_SP\CMakeFiles\CMakeTmp\cmTryCompileExec2020123846.vcxproj" on node 1 (default targets).
PrepareForBuild:
  Creating directory "cmTryCompileExec2020123846.dir\Debug\".
  Creating directory "F:\testingEnvironment\amak\ogs\ogs_kb1\sources\Build_OGS_FEM_SP\CMakeFiles\CMakeTmp\Debug\".
  Creating directory "cmTryCompileExec2020123846.dir\Debug\cmTryCom.BC3BC788.tlog\".
InitializeBuildStatus:
  Creating "cmTryCompileExec2020123846.dir\Debug\cmTryCom.BC3BC788.tlog\unsuccessfulbuild" because "AlwaysCreate" was specified.
ClCompile:
  C:\Program Files (x86)\Microsoft Visual Studio 12.0\VC\bin\CL.exe /c /Zi /W3 /WX- /Od /Ob0 /Oy- /D WIN32 /D _WINDOWS /D _DEBUG /D "CMAKE_INTDIR=\"Debug\"" /D _MBCS /Gm- /RTC1 /MDd /GS /fp:precise /Zc:wchar_t /Zc:forScope /Fo"cmTryCompileExec2020123846.dir\Debug\\" /Fd"cmTryCompileExec2020123846.dir\Debug\vc120.pdb" /Gd /TC /analyze- /errorReport:queue CheckSymbolExists.c
  Microsoft (R) C/C++-Optimierungscompiler Version 18.00.21005.1 fr x86
  Copyright (C) Microsoft Corporation. Alle Rechte vorbehalten.
  
  cl /c /Zi /W3 /WX- /Od /Ob0 /Oy- /D WIN32 /D _WINDOWS /D _DEBUG /D "CMAKE_INTDIR=\"Debug\"" /D _MBCS /Gm- /RTC1 /MDd /GS /fp:precise /Zc:wchar_t /Zc:forScope /Fo"cmTryCompileExec2020123846.dir\Debug\\" /Fd"cmTryCompileExec2020123846.dir\Debug\vc120.pdb" /Gd /TC /analyze- /errorReport:queue CheckSymbolExists.c
  
  CheckSymbolExists.c
Link:
  C:\Program Files (x86)\Microsoft Visual Studio 12.0\VC\bin\link.exe /ERRORREPORT:QUEUE /OUT:"F:\testingEnvironment\amak\ogs\ogs_kb1\sources\Build_OGS_FEM_SP\CMakeFiles\CMakeTmp\Debug\cmTryCompileExec2020123846.exe" /INCREMENTAL /NOLOGO kernel32.lib user32.lib gdi32.lib winspool.lib shell32.lib ole32.lib oleaut32.lib uuid.lib comdlg32.lib advapi32.lib /MANIFEST /MANIFESTUAC:"level='asInvoker' uiAccess='false'" /manifest:embed /DEBUG /PDB:"F:/testingEnvironment/amak/ogs/ogs_kb1/sources/Build_OGS_FEM_SP/CMakeFiles/CMakeTmp/Debug/cmTryCompileExec2020123846.pdb" /SUBSYSTEM:CONSOLE /TLBID:1 /DYNAMICBASE /NXCOMPAT /IMPLIB:"F:/testingEnvironment/amak/ogs/ogs_kb1/sources/Build_OGS_FEM_SP/CMakeFiles/CMakeTmp/Debug/cmTryCompileExec2020123846.lib" /MACHINE:X86 /SAFESEH  /machine:X86 /debug cmTryCompileExec2020123846.dir\Debug\CheckSymbolExists.obj
CheckSymbolExists.obj : error LNK2019: Verweis auf nicht aufgelöstes externes Symbol "__imp__pthread_create" in Funktion "_main". [F:\testingEnvironment\amak\ogs\ogs_kb1\sources\Build_OGS_FEM_SP\CMakeFiles\CMakeTmp\cmTryCompileExec2020123846.vcxproj]
F:\testingEnvironment\amak\ogs\ogs_kb1\sources\Build_OGS_FEM_SP\CMakeFiles\CMakeTmp\Debug\cmTryCompileExec2020123846.exe : fatal error LNK1120: 1 nicht aufgelöste Externe [F:\testingEnvironment\amak\ogs\ogs_kb1\sources\Build_OGS_FEM_SP\CMakeFiles\CMakeTmp\cmTryCompileExec2020123846.vcxproj]
Done Building Project "F:\testingEnvironment\amak\ogs\ogs_kb1\sources\Build_OGS_FEM_SP\CMakeFiles\CMakeTmp\cmTryCompileExec2020123846.vcxproj" (default targets) -- FAILED.

Build FAILED.

"F:\testingEnvironment\amak\ogs\ogs_kb1\sources\Build_OGS_FEM_SP\CMakeFiles\CMakeTmp\cmTryCompileExec2020123846.vcxproj" (default target) (1) ->
(Link target) -> 
  CheckSymbolExists.obj : error LNK2019: Verweis auf nicht aufgelöstes externes Symbol "__imp__pthread_create" in Funktion "_main". [F:\testingEnvironment\amak\ogs\ogs_kb1\sources\Build_OGS_FEM_SP\CMakeFiles\CMakeTmp\cmTryCompileExec2020123846.vcxproj]
  F:\testingEnvironment\amak\ogs\ogs_kb1\sources\Build_OGS_FEM_SP\CMakeFiles\CMakeTmp\Debug\cmTryCompileExec2020123846.exe : fatal error LNK1120: 1 nicht aufgelöste Externe [F:\testingEnvironment\amak\ogs\ogs_kb1\sources\Build_OGS_FEM_SP\CMakeFiles\CMakeTmp\cmTryCompileExec2020123846.vcxproj]

    0 Warning(s)
    2 Error(s)

Time Elapsed 00:00:00.53

File F:/testingEnvironment/amak/ogs/ogs_kb1/sources/Build_OGS_FEM_SP/CMakeFiles/CMakeTmp/CheckSymbolExists.c:
/* */
#include <pthread.h>

int main(int argc, char** argv)
{
  (void)argv;
#ifndef pthread_create
  return ((int*)(&pthread_create))[argc];
#else
  (void)argc;
  return 0;
#endif
}

Determining if the function pthread_create exists in the pthreads failed with the following output:
Change Dir: F:/testingEnvironment/amak/ogs/ogs_kb1/sources/Build_OGS_FEM_SP/CMakeFiles/CMakeTmp

Run Build Command:C:\PROGRA~2\MSBuild\12.0\Bin\MSBuild.exe cmTryCompileExec3973354539.vcxproj /p:Configuration=Debug /p:VisualStudioVersion=12.0
Microsoft (R) Build Engine version 12.0.21005.1
[Microsoft .NET Framework, version 4.0.30319.18444]
Copyright (C) Microsoft Corporation. All rights reserved.

Build started 23.10.2015 17:22:30.
Project "F:\testingEnvironment\amak\ogs\ogs_kb1\sources\Build_OGS_FEM_SP\CMakeFiles\CMakeTmp\cmTryCompileExec3973354539.vcxproj" on node 1 (default targets).
PrepareForBuild:
  Creating directory "cmTryCompileExec3973354539.dir\Debug\".
  Creating directory "F:\testingEnvironment\amak\ogs\ogs_kb1\sources\Build_OGS_FEM_SP\CMakeFiles\CMakeTmp\Debug\".
  Creating directory "cmTryCompileExec3973354539.dir\Debug\cmTryCom.CF8AB816.tlog\".
InitializeBuildStatus:
  Creating "cmTryCompileExec3973354539.dir\Debug\cmTryCom.CF8AB816.tlog\unsuccessfulbuild" because "AlwaysCreate" was specified.
ClCompile:
  C:\Program Files (x86)\Microsoft Visual Studio 12.0\VC\bin\CL.exe /c /Zi /W3 /WX- /Od /Ob0 /Oy- /D WIN32 /D _WINDOWS /D CHECK_FUNCTION_EXISTS=pthread_create /D _DEBUG /D "CMAKE_INTDIR=\"Debug\"" /D _MBCS /Gm- /RTC1 /MDd /GS /fp:precise /Zc:wchar_t /Zc:forScope /Fo"cmTryCompileExec3973354539.dir\Debug\\" /Fd"cmTryCompileExec3973354539.dir\Debug\vc120.pdb" /Gd /TC /analyze- /errorReport:queue "C:\Program Files (x86)\CMake 2.8\share\cmake-2.8\Modules\CheckFunctionExists.c"
  Microsoft (R) C/C++-Optimierungscompiler Version 18.00.21005.1 fr x86
  Copyright (C) Microsoft Corporation. Alle Rechte vorbehalten.
  
  cl /c /Zi /W3 /WX- /Od /Ob0 /Oy- /D WIN32 /D _WINDOWS /D CHECK_FUNCTION_EXISTS=pthread_create /D _DEBUG /D "CMAKE_INTDIR=\"Debug\"" /D _MBCS /Gm- /RTC1 /MDd /GS /fp:precise /Zc:wchar_t /Zc:forScope /Fo"cmTryCompileExec3973354539.dir\Debug\\" /Fd"cmTryCompileExec3973354539.dir\Debug\vc120.pdb" /Gd /TC /analyze- /errorReport:queue "C:\Program Files (x86)\CMake 2.8\share\cmake-2.8\Modules\CheckFunctionExists.c"
  
  CheckFunctionExists.c
Link:
  C:\Program Files (x86)\Microsoft Visual Studio 12.0\VC\bin\link.exe /ERRORREPORT:QUEUE /OUT:"F:\testingEnvironment\amak\ogs\ogs_kb1\sources\Build_OGS_FEM_SP\CMakeFiles\CMakeTmp\Debug\cmTryCompileExec3973354539.exe" /INCREMENTAL /NOLOGO kernel32.lib user32.lib gdi32.lib winspool.lib shell32.lib ole32.lib oleaut32.lib uuid.lib comdlg32.lib advapi32.lib pthreads.lib /MANIFEST /MANIFESTUAC:"level='asInvoker' uiAccess='false'" /manifest:embed /DEBUG /PDB:"F:/testingEnvironment/amak/ogs/ogs_kb1/sources/Build_OGS_FEM_SP/CMakeFiles/CMakeTmp/Debug/cmTryCompileExec3973354539.pdb" /SUBSYSTEM:CONSOLE /TLBID:1 /DYNAMICBASE /NXCOMPAT /IMPLIB:"F:/testingEnvironment/amak/ogs/ogs_kb1/sources/Build_OGS_FEM_SP/CMakeFiles/CMakeTmp/Debug/cmTryCompileExec3973354539.lib" /MACHINE:X86 /SAFESEH  /machine:X86 /debug cmTryCompileExec3973354539.dir\Debug\CheckFunctionExists.obj
LINK : fatal error LNK1104: Datei "pthreads.lib" kann nicht geöffnet werden. [F:\testingEnvironment\amak\ogs\ogs_kb1\sources\Build_OGS_FEM_SP\CMakeFiles\CMakeTmp\cmTryCompileExec3973354539.vcxproj]
Done Building Project "F:\testingEnvironment\amak\ogs\ogs_kb1\sources\Build_OGS_FEM_SP\CMakeFiles\CMakeTmp\cmTryCompileExec3973354539.vcxproj" (default targets) -- FAILED.

Build FAILED.

"F:\testingEnvironment\amak\ogs\ogs_kb1\sources\Build_OGS_FEM_SP\CMakeFiles\CMakeTmp\cmTryCompileExec3973354539.vcxproj" (default target) (1) ->
(Link target) -> 
  LINK : fatal error LNK1104: Datei "pthreads.lib" kann nicht geöffnet werden. [F:\testingEnvironment\amak\ogs\ogs_kb1\sources\Build_OGS_FEM_SP\CMakeFiles\CMakeTmp\cmTryCompileExec3973354539.vcxproj]

    0 Warning(s)
    1 Error(s)

Time Elapsed 00:00:00.63


Determining if the function pthread_create exists in the pthread failed with the following output:
Change Dir: F:/testingEnvironment/amak/ogs/ogs_kb1/sources/Build_OGS_FEM_SP/CMakeFiles/CMakeTmp

Run Build Command:C:\PROGRA~2\MSBuild\12.0\Bin\MSBuild.exe cmTryCompileExec2117768548.vcxproj /p:Configuration=Debug /p:VisualStudioVersion=12.0
Microsoft (R) Build Engine version 12.0.21005.1
[Microsoft .NET Framework, version 4.0.30319.18444]
Copyright (C) Microsoft Corporation. All rights reserved.

Build started 23.10.2015 17:22:31.
Project "F:\testingEnvironment\amak\ogs\ogs_kb1\sources\Build_OGS_FEM_SP\CMakeFiles\CMakeTmp\cmTryCompileExec2117768548.vcxproj" on node 1 (default targets).
PrepareForBuild:
  Creating directory "cmTryCompileExec2117768548.dir\Debug\".
  Creating directory "F:\testingEnvironment\amak\ogs\ogs_kb1\sources\Build_OGS_FEM_SP\CMakeFiles\CMakeTmp\Debug\".
  Creating directory "cmTryCompileExec2117768548.dir\Debug\cmTryCom.DA2D6941.tlog\".
InitializeBuildStatus:
  Creating "cmTryCompileExec2117768548.dir\Debug\cmTryCom.DA2D6941.tlog\unsuccessfulbuild" because "AlwaysCreate" was specified.
ClCompile:
  C:\Program Files (x86)\Microsoft Visual Studio 12.0\VC\bin\CL.exe /c /Zi /W3 /WX- /Od /Ob0 /Oy- /D WIN32 /D _WINDOWS /D CHECK_FUNCTION_EXISTS=pthread_create /D _DEBUG /D "CMAKE_INTDIR=\"Debug\"" /D _MBCS /Gm- /RTC1 /MDd /GS /fp:precise /Zc:wchar_t /Zc:forScope /Fo"cmTryCompileExec2117768548.dir\Debug\\" /Fd"cmTryCompileExec2117768548.dir\Debug\vc120.pdb" /Gd /TC /analyze- /errorReport:queue "C:\Program Files (x86)\CMake 2.8\share\cmake-2.8\Modules\CheckFunctionExists.c"
  Microsoft (R) C/C++-Optimierungscompiler Version 18.00.21005.1 fr x86
  Copyright (C) Microsoft Corporation. Alle Rechte vorbehalten.
  
  cl /c /Zi /W3 /WX- /Od /Ob0 /Oy- /D WIN32 /D _WINDOWS /D CHECK_FUNCTION_EXISTS=pthread_create /D _DEBUG /D "CMAKE_INTDIR=\"Debug\"" /D _MBCS /Gm- /RTC1 /MDd /GS /fp:precise /Zc:wchar_t /Zc:forScope /Fo"cmTryCompileExec2117768548.dir\Debug\\" /Fd"cmTryCompileExec2117768548.dir\Debug\vc120.pdb" /Gd /TC /analyze- /errorReport:queue "C:\Program Files (x86)\CMake 2.8\share\cmake-2.8\Modules\CheckFunctionExists.c"
  
  CheckFunctionExists.c
Link:
  C:\Program Files (x86)\Microsoft Visual Studio 12.0\VC\bin\link.exe /ERRORREPORT:QUEUE /OUT:"F:\testingEnvironment\amak\ogs\ogs_kb1\sources\Build_OGS_FEM_SP\CMakeFiles\CMakeTmp\Debug\cmTryCompileExec2117768548.exe" /INCREMENTAL /NOLOGO kernel32.lib user32.lib gdi32.lib winspool.lib shell32.lib ole32.lib oleaut32.lib uuid.lib comdlg32.lib advapi32.lib pthread.lib /MANIFEST /MANIFESTUAC:"level='asInvoker' uiAccess='false'" /manifest:embed /DEBUG /PDB:"F:/testingEnvironment/amak/ogs/ogs_kb1/sources/Build_OGS_FEM_SP/CMakeFiles/CMakeTmp/Debug/cmTryCompileExec2117768548.pdb" /SUBSYSTEM:CONSOLE /TLBID:1 /DYNAMICBASE /NXCOMPAT /IMPLIB:"F:/testingEnvironment/amak/ogs/ogs_kb1/sources/Build_OGS_FEM_SP/CMakeFiles/CMakeTmp/Debug/cmTryCompileExec2117768548.lib" /MACHINE:X86 /SAFESEH  /machine:X86 /debug cmTryCompileExec2117768548.dir\Debug\CheckFunctionExists.obj
LINK : fatal error LNK1104: Datei "pthread.lib" kann nicht geöffnet werden. [F:\testingEnvironment\amak\ogs\ogs_kb1\sources\Build_OGS_FEM_SP\CMakeFiles\CMakeTmp\cmTryCompileExec2117768548.vcxproj]
Done Building Project "F:\testingEnvironment\amak\ogs\ogs_kb1\sources\Build_OGS_FEM_SP\CMakeFiles\CMakeTmp\cmTryCompileExec2117768548.vcxproj" (default targets) -- FAILED.

Build FAILED.

"F:\testingEnvironment\amak\ogs\ogs_kb1\sources\Build_OGS_FEM_SP\CMakeFiles\CMakeTmp\cmTryCompileExec2117768548.vcxproj" (default target) (1) ->
(Link target) -> 
  LINK : fatal error LNK1104: Datei "pthread.lib" kann nicht geöffnet werden. [F:\testingEnvironment\amak\ogs\ogs_kb1\sources\Build_OGS_FEM_SP\CMakeFiles\CMakeTmp\cmTryCompileExec2117768548.vcxproj]

    0 Warning(s)
    1 Error(s)

Time Elapsed 00:00:00.47


Determining if compiler accepts -pthread failed with the following output:
Change Dir: F:/testingEnvironment/amak/ogs/ogs_kb1/sources/Build_OGS_FEM_SP/CMakeFiles/CMakeTmp

Run Build Command:C:\PROGRA~2\MSBuild\12.0\Bin\MSBuild.exe cmTryCompileExec3141932976.vcxproj /p:Configuration=Debug /p:VisualStudioVersion=12.0
Microsoft (R) Build Engine version 12.0.21005.1
[Microsoft .NET Framework, version 4.0.30319.18444]
Copyright (C) Microsoft Corporation. All rights reserved.

Build started 23.10.2015 17:22:31.
Project "F:\testingEnvironment\amak\ogs\ogs_kb1\sources\Build_OGS_FEM_SP\CMakeFiles\CMakeTmp\cmTryCompileExec3141932976.vcxproj" on node 1 (default targets).
PrepareForBuild:
  Creating directory "cmTryCompileExec3141932976.dir\Debug\".
  Creating directory "F:\testingEnvironment\amak\ogs\ogs_kb1\sources\Build_OGS_FEM_SP\CMakeFiles\CMakeTmp\Debug\".
  Creating directory "cmTryCompileExec3141932976.dir\Debug\cmTryCom.94418E6B.tlog\".
InitializeBuildStatus:
  Creating "cmTryCompileExec3141932976.dir\Debug\cmTryCom.94418E6B.tlog\unsuccessfulbuild" because "AlwaysCreate" was specified.
ClCompile:
  C:\Program Files (x86)\Microsoft Visual Studio 12.0\VC\bin\CL.exe /c /Zi /W3 /WX- /Od /Ob0 /Oy- /D WIN32 /D _WINDOWS /D _DEBUG /D "CMAKE_INTDIR=\"Debug\"" /D _MBCS /Gm- /RTC1 /MDd /GS /fp:precise /Zc:wchar_t /Zc:forScope /Fo"cmTryCompileExec3141932976.dir\Debug\\" /Fd"cmTryCompileExec3141932976.dir\Debug\vc120.pdb" /Gd /TC /analyze- /errorReport:queue "C:\Program Files (x86)\CMake 2.8\share\cmake-2.8\Modules\CheckForPthreads.c"
  Microsoft (R) C/C++-Optimierungscompiler Version 18.00.21005.1 fr x86
  Copyright (C) Microsoft Corporation. Alle Rechte vorbehalten.
  
  cl /c /Zi /W3 /WX- /Od /Ob0 /Oy- /D WIN32 /D _WINDOWS /D _DEBUG /D "CMAKE_INTDIR=\"Debug\"" /D _MBCS /Gm- /RTC1 /MDd /GS /fp:precise /Zc:wchar_t /Zc:forScope /Fo"cmTryCompileExec3141932976.dir\Debug\\" /Fd"cmTryCompileExec3141932976.dir\Debug\vc120.pdb" /Gd /TC /analyze- /errorReport:queue "C:\Program Files (x86)\CMake 2.8\share\cmake-2.8\Modules\CheckForPthreads.c"
  
  CheckForPthreads.c
C:\Program Files (x86)\CMake 2.8\share\cmake-2.8\Modules\CheckForPthreads.c(3): fatal error C1083: Datei (Include) kann nicht ge”ffnet werden: "unistd.h": No such file or directory [F:\testingEnvironment\amak\ogs\ogs_kb1\sources\Build_OGS_FEM_SP\CMakeFiles\CMakeTmp\cmTryCompileExec3141932976.vcxproj]
Done Building Project "F:\testingEnvironment\amak\ogs\ogs_kb1\sources\Build_OGS_FEM_SP\CMakeFiles\CMakeTmp\cmTryCompileExec3141932976.vcxproj" (default targets) -- FAILED.

Build FAILED.

"F:\testingEnvironment\amak\ogs\ogs_kb1\sources\Build_OGS_FEM_SP\CMakeFiles\CMakeTmp\cmTryCompileExec3141932976.vcxproj" (default target) (1) ->
(ClCompile target) -> 
  C:\Program Files (x86)\CMake 2.8\share\cmake-2.8\Modules\CheckForPthreads.c(3): fatal error C1083: Datei (Include) kann nicht ge”ffnet werden: "unistd.h": No such file or directory [F:\testingEnvironment\amak\ogs\ogs_kb1\sources\Build_OGS_FEM_SP\CMakeFiles\CMakeTmp\cmTryCompileExec3141932976.vcxproj]

    0 Warning(s)
    1 Error(s)

Time Elapsed 00:00:00.51


